<?xml version="1.0" encoding="UTF-8"?>
<!-- Generated by org.testng.reporters.JUnitXMLReporter -->
<testsuite hostname="IE3BMLN0001DF" failures="1" tests="1" name="Lumina_WLD_BUILD_IPHONE&amp;" time="71.414" errors="0" timestamp="17 Dec 2019 10:20:34 GMT">
  <testcase classname="com.honeywell.testcases.executor.TestCasesExecutor" name="test on [Test: &quot;1 As a user I should be able to add WLD device to existing location by using Lumina application&quot; verbose:1[parameters:][metagroups:] [included: ][excluded: ]  classes: packages:] " time="71.338">
    <failure type="java.lang.AssertionError" message="null">
      <![CDATA[java.lang.AssertionError: null
	at com.honeywell.testcases.executor.TestCasesExecutor.test(TestCasesExecutor.java:230)
	at java.base/java.util.concurrent.Executors$RunnableAdapter.call(Executors.java:515)
	at java.base/java.util.concurrent.FutureTask.run(FutureTask.java:264)
	at java.base/java.util.concurrent.ThreadPoolExecutor.runWorker(ThreadPoolExecutor.java:1128)
	at java.base/java.util.concurrent.ThreadPoolExecutor$Worker.run(ThreadPoolExecutor.java:628)
	at java.base/java.lang.Thread.run(Thread.java:835)
... Removed 9 stack frames]]>
    </failure>
  </testcase> <!-- test on [Test: "1 As a user I should be able to add WLD device to existing location by using Lumina application" verbose:1[parameters:][metagroups:] [included: ][excluded: ]  classes: packages:]  -->
</testsuite> <!-- Lumina_WLD_BUILD_IPHONE& -->
