<?xml version="1.0" encoding="UTF-8"?>
<!-- Generated by org.testng.reporters.JUnitXMLReporter -->
<testsuite hostname="GA69MLP000197" name="Lumina_Buoy_Execution_Suite" tests="1" failures="1" timestamp="3 Feb 2020 21:45:02 GMT" time="11.947" errors="0">
  <testcase name="test on [Test: &quot;As a user I should have a quick access to view the status of Home&quot; verbose:1[parameters:][metagroups:] [included: ][excluded: ]  classes: packages:] " time="11.911" classname="com.honeywell.testcases.executor.TestCasesExecutor">
    <failure type="java.lang.AssertionError" message="null">
      <![CDATA[java.lang.AssertionError: null
	at com.honeywell.testcases.executor.TestCasesExecutor.test(TestCasesExecutor.java:230)
	at java.util.concurrent.Executors$RunnableAdapter.call(Executors.java:511)
	at java.util.concurrent.FutureTask.run(FutureTask.java:266)
	at java.util.concurrent.ThreadPoolExecutor.runWorker(ThreadPoolExecutor.java:1149)
	at java.util.concurrent.ThreadPoolExecutor$Worker.run(ThreadPoolExecutor.java:624)
	at java.lang.Thread.run(Thread.java:748)
... Removed 9 stack frames]]>
    </failure>
  </testcase> <!-- test on [Test: "As a user I should have a quick access to view the status of Home" verbose:1[parameters:][metagroups:] [included: ][excluded: ]  classes: packages:]  -->
</testsuite> <!-- Lumina_Buoy_Execution_Suite -->
